<?xml version="1.0" encoding="UTF-8"?>
<!-- Generated by org.testng.reporters.JUnitReportReporter -->
<testsuite hostname="Sumanth" failures="0" tests="1" name="pen.Classmate" time="17.806" errors="0" timestamp="2023-02-21T15:35:54 IST" skipped="0">
  <testcase classname="pen.Classmate" name="write" time="17.806"/>
  <system-out>
writing in classmate pen  </system-out>
</testsuite> <!-- pen.Classmate -->
