<?xml version="1.0" encoding="UTF-8"?>
<!-- Generated by org.testng.reporters.JUnitReportReporter -->
<testsuite hostname="Sumanth" failures="0" tests="1" name="pen.Parker" time="40.706" errors="0" timestamp="2023-02-21T16:17:19 IST" skipped="0">
  <testcase classname="pen.Parker" name="write" time="40.706"/>
  <system-out>
writing in parker pen  </system-out>
</testsuite> <!-- pen.Parker -->
