<?xml version="1.0" encoding="UTF-8"?>
<!-- Generated by org.testng.reporters.JUnitReportReporter -->
<testsuite hostname="Sumanth" failures="0" tests="1" name="configurationAnnotations.TestOne" time="17.673" errors="0" timestamp="2023-02-24T15:05:22 IST" skipped="0">
  <testcase classname="configurationAnnotations.TestOne" name="shopABook" time="17.673"/>
  <system-out>
Books page was displayed Cart  was displayed Checkout page was displayed Order confirmed  </system-out>
</testsuite> <!-- configurationAnnotations.TestOne -->
