<?xml version="1.0" encoding="UTF-8"?>
<!-- Generated by org.testng.reporters.JUnitReportReporter -->
<testsuite hostname="Sumanth" failures="0" tests="3" name="laptops.Acer" time="0.000" errors="0" timestamp="2023-02-21T15:43:22 IST" skipped="3">
  <testcase classname="laptops.Acer" name="editAcer" time="0.000">
    <skipped/>
  </testcase> <!-- editAcer -->
  <system-out/>
  <testcase classname="laptops.Acer" name="stopAcer" time="0.000">
    <skipped/>
  </testcase> <!-- stopAcer -->
  <system-out/>
  <testcase classname="laptops.Acer" name="startAcer" time="0.000">
    <skipped/>
  </testcase> <!-- startAcer -->
  <system-out/>
</testsuite> <!-- laptops.Acer -->
