<?xml version="1.0" encoding="UTF-8"?>
<!-- Generated by org.testng.reporters.JUnitReportReporter -->
<testsuite hostname="Sumanth" failures="0" tests="1" name="pen.Renolds" time="31.959" errors="0" timestamp="2023-02-21T16:17:19 IST" skipped="0">
  <testcase classname="pen.Renolds" name="write" time="31.959"/>
  <system-out>
writing in reynolds pen  </system-out>
</testsuite> <!-- pen.Renolds -->
