<?xml version="1.0" encoding="UTF-8"?>
<!-- Generated by org.testng.reporters.JUnitReportReporter -->
<testsuite hostname="Sumanth" failures="0" tests="3" name="unitTestingTool.Annotations2" time="0.009" errors="0" timestamp="2023-02-20T15:32:29 IST" skipped="0">
  <testcase classname="unitTestingTool.Annotations2" name="kgf" time="0.007"/>
  <system-out/>
  <testcase classname="unitTestingTool.Annotations2" name="MasterPiece" time="0.001"/>
  <system-out/>
  <testcase classname="unitTestingTool.Annotations2" name="Drama" time="0.001"/>
  <system-out/>
</testsuite> <!-- unitTestingTool.Annotations2 -->
