<?xml version="1.0" encoding="UTF-8"?>
<!-- Generated by org.testng.reporters.JUnitReportReporter -->
<testsuite hostname="Sumanth" failures="0" tests="10" name="unitTestingTool.DemoWebShop" time="418.267" errors="0" timestamp="2023-02-21T18:25:40 IST" skipped="0">
  <testcase classname="unitTestingTool.DemoWebShop" name="register" time="49.622"/>
  <system-out/>
  <testcase classname="unitTestingTool.DemoWebShop" name="register" time="35.718"/>
  <system-out/>
  <testcase classname="unitTestingTool.DemoWebShop" name="register" time="36.788"/>
  <system-out/>
  <testcase classname="unitTestingTool.DemoWebShop" name="register" time="47.563"/>
  <system-out/>
  <testcase classname="unitTestingTool.DemoWebShop" name="register" time="38.334"/>
  <system-out/>
  <testcase classname="unitTestingTool.DemoWebShop" name="register" time="45.709"/>
  <system-out/>
  <testcase classname="unitTestingTool.DemoWebShop" name="register" time="38.564"/>
  <system-out/>
  <testcase classname="unitTestingTool.DemoWebShop" name="register" time="39.331"/>
  <system-out/>
  <testcase classname="unitTestingTool.DemoWebShop" name="register" time="38.766"/>
  <system-out/>
  <testcase classname="unitTestingTool.DemoWebShop" name="register" time="47.872"/>
  <system-out/>
</testsuite> <!-- unitTestingTool.DemoWebShop -->
