<?xml version="1.0" encoding="UTF-8"?>
<!-- Generated by org.testng.reporters.JUnitReportReporter -->
<testsuite hostname="Sumanth" failures="0" tests="2" name="unitTestingTool.Annotations" time="0.006" errors="0" timestamp="2023-02-20T15:30:17 IST" skipped="0">
  <testcase classname="unitTestingTool.Annotations" name="demo" time="0.005"/>
  <system-out/>
  <testcase classname="unitTestingTool.Annotations" name="sample" time="0.001"/>
  <system-out/>
</testsuite> <!-- unitTestingTool.Annotations -->
