<?xml version="1.0" encoding="UTF-8"?>
<!-- Generated by org.testng.reporters.JUnitReportReporter -->
<testsuite hostname="Sumanth" failures="0" tests="1" name="unitTestingTool.Actitime" time="13.036" errors="0" timestamp="2023-02-20T15:35:56 IST" skipped="0">
  <testcase classname="unitTestingTool.Actitime" name="login" time="13.036"/>
  <system-out/>
</testsuite> <!-- unitTestingTool.Actitime -->
