<?xml version="1.0" encoding="UTF-8"?>
<!-- Generated by org.testng.reporters.JUnitReportReporter -->
<testsuite hostname="Sumanth" failures="0" tests="1" name="SVGTag" time="25.066" errors="0" timestamp="2023-03-02T12:27:56 IST" skipped="0">
  <testcase classname="SVGTag" name="locateSVGTag" time="25.066"/>
  <system-out>
Browser is launched Browser is maximized  </system-out>
</testsuite> <!-- SVGTag -->
