<?xml version="1.0" encoding="UTF-8"?>
<!-- Generated by org.testng.reporters.JUnitReportReporter -->
<testsuite hostname="Sumanth" failures="0" tests="1" name="unitTestingTool.DemoWebShopSystemTesting" time="11.855" errors="0" timestamp="2023-02-24T11:05:04 IST" skipped="0">
  <testcase classname="unitTestingTool.DemoWebShopSystemTesting" name="systemTesting" time="11.855"/>
  <system-out>
Browser is launched Window is maximized Welcome page is displayed Login page was opened Home page is opened Books page was displayed Cart  was displayed Checkout page was displayed Order confirmed  </system-out>
</testsuite> <!-- unitTestingTool.DemoWebShopSystemTesting -->
