<?xml version="1.0" encoding="UTF-8"?>
<!-- Generated by org.testng.reporters.JUnitReportReporter -->
<testsuite hostname="Sumanth" failures="0" tests="3" name="unitTestingTool.LoginToApplication" time="54.025" errors="0" timestamp="2023-02-21T17:44:36 IST" skipped="0">
  <testcase classname="unitTestingTool.LoginToApplication" name="login" time="18.003"/>
  <system-out/>
  <testcase classname="unitTestingTool.LoginToApplication" name="login" time="18.082"/>
  <system-out/>
  <testcase classname="unitTestingTool.LoginToApplication" name="login" time="17.940"/>
  <system-out/>
</testsuite> <!-- unitTestingTool.LoginToApplication -->
